
*** Running vivado
    with args -log guessing_game.vds -m64 -product Vivado -mode batch -messageDb vivado.pb -notrace -source guessing_game.tcl



****** Vivado v2020.1 (64-bit)
  **** SW Build 2902540 on Wed May 27 19:54:49 MDT 2020
  **** IP Build 2902112 on Wed May 27 22:43:36 MDT 2020
    ** Copyright 1986-2020 Xilinx, Inc. All Rights Reserved.

source guessing_game.tcl -notrace
Command: synth_design -top guessing_game -part xc7a35tcpg236-1
Starting synth_design
Attempting to get a license for feature 'Synthesis' and/or device 'xc7a35t'
INFO: [Common 17-349] Got license for feature 'Synthesis' and/or device 'xc7a35t'
INFO: [Device 21-403] Loading part xc7a35tcpg236-1
INFO: [Synth 8-7079] Multithreading enabled for synth_design using a maximum of 2 processes.
INFO: [Synth 8-7078] Launching helper process for spawning children vivado processes
INFO: [Synth 8-7075] Helper process launched with PID 21488
---------------------------------------------------------------------------------
Starting RTL Elaboration : Time (s): cpu = 00:00:08 ; elapsed = 00:00:08 . Memory (MB): peak = 1015.461 ; gain = 0.000
---------------------------------------------------------------------------------
INFO: [Synth 8-6157] synthesizing module 'guessing_game' [C:/Users/ammic/OneDrive/Documents/GitHub/Lab11/Lab11_project/codedirectory/guessing_game.sv:23]
INFO: [Synth 8-6157] synthesizing module 'debounce' [C:/Users/ammic/OneDrive/Documents/GitHub/Lab11/Lab11_project/codedirectory/debounce.sv:4]
	Parameter N bound to: 21 - type: integer 
	Parameter zero bound to: 2'b00 
	Parameter wait1 bound to: 2'b01 
	Parameter one bound to: 2'b11 
	Parameter wait0 bound to: 2'b10 
INFO: [Synth 8-6155] done synthesizing module 'debounce' (1#1) [C:/Users/ammic/OneDrive/Documents/GitHub/Lab11/Lab11_project/codedirectory/debounce.sv:4]
INFO: [Synth 8-6157] synthesizing module 'counter' [C:/Users/ammic/OneDrive/Documents/GitHub/Lab11/Lab11_project/codedirectory/counter.sv:23]
	Parameter N bound to: 27 - type: integer 
INFO: [Synth 8-6155] done synthesizing module 'counter' (2#1) [C:/Users/ammic/OneDrive/Documents/GitHub/Lab11/Lab11_project/codedirectory/counter.sv:23]
INFO: [Synth 8-6157] synthesizing module 'counter__parameterized0' [C:/Users/ammic/OneDrive/Documents/GitHub/Lab11/Lab11_project/codedirectory/counter.sv:23]
	Parameter N bound to: 26 - type: integer 
INFO: [Synth 8-6155] done synthesizing module 'counter__parameterized0' (2#1) [C:/Users/ammic/OneDrive/Documents/GitHub/Lab11/Lab11_project/codedirectory/counter.sv:23]
INFO: [Synth 8-6157] synthesizing module 'mux_diff' [C:/Users/ammic/OneDrive/Documents/GitHub/Lab11/Lab11_project/codedirectory/mux_diff.sv:23]
INFO: [Synth 8-6155] done synthesizing module 'mux_diff' (3#1) [C:/Users/ammic/OneDrive/Documents/GitHub/Lab11/Lab11_project/codedirectory/mux_diff.sv:23]
INFO: [Synth 8-6157] synthesizing module 'guess_FSM' [C:/Users/ammic/OneDrive/Documents/GitHub/Lab11/Lab11_project/codedirectory/guess_FSM.sv:23]
	Parameter s0 bound to: 3'b001 
	Parameter s1 bound to: 3'b010 
	Parameter s2 bound to: 3'b011 
	Parameter s3 bound to: 3'b100 
	Parameter swin bound to: 3'b101 
	Parameter slose bound to: 3'b110 
INFO: [Synth 8-155] case statement is not full and has no default [C:/Users/ammic/OneDrive/Documents/GitHub/Lab11/Lab11_project/codedirectory/guess_FSM.sv:53]
INFO: [Synth 8-6155] done synthesizing module 'guess_FSM' (4#1) [C:/Users/ammic/OneDrive/Documents/GitHub/Lab11/Lab11_project/codedirectory/guess_FSM.sv:23]
INFO: [Synth 8-6155] done synthesizing module 'guessing_game' (5#1) [C:/Users/ammic/OneDrive/Documents/GitHub/Lab11/Lab11_project/codedirectory/guessing_game.sv:23]
---------------------------------------------------------------------------------
Finished RTL Elaboration : Time (s): cpu = 00:00:09 ; elapsed = 00:00:10 . Memory (MB): peak = 1015.461 ; gain = 0.000
---------------------------------------------------------------------------------
---------------------------------------------------------------------------------
Start Handling Custom Attributes
---------------------------------------------------------------------------------
---------------------------------------------------------------------------------
Finished Handling Custom Attributes : Time (s): cpu = 00:00:10 ; elapsed = 00:00:10 . Memory (MB): peak = 1015.461 ; gain = 0.000
---------------------------------------------------------------------------------
---------------------------------------------------------------------------------
Finished RTL Optimization Phase 1 : Time (s): cpu = 00:00:10 ; elapsed = 00:00:10 . Memory (MB): peak = 1015.461 ; gain = 0.000
---------------------------------------------------------------------------------
Netlist sorting complete. Time (s): cpu = 00:00:00 ; elapsed = 00:00:00.005 . Memory (MB): peak = 1015.461 ; gain = 0.000
INFO: [Project 1-570] Preparing netlist for logic optimization

Processing XDC Constraints
Initializing timing engine
Parsing XDC File [C:/Users/ammic/OneDrive/Documents/GitHub/Lab11/Lab11_project/codedirectory/Basys3_11.xdc]
Finished Parsing XDC File [C:/Users/ammic/OneDrive/Documents/GitHub/Lab11/Lab11_project/codedirectory/Basys3_11.xdc]
INFO: [Project 1-236] Implementation specific constraints were found while reading constraint file [C:/Users/ammic/OneDrive/Documents/GitHub/Lab11/Lab11_project/codedirectory/Basys3_11.xdc]. These constraints will be ignored for synthesis but will be used in implementation. Impacted constraints are listed in the file [.Xil/guessing_game_propImpl.xdc].
Resolution: To avoid this warning, move constraints listed in [.Xil/guessing_game_propImpl.xdc] to another XDC file and exclude this new file from synthesis with the used_in_synthesis property (File Properties dialog in GUI) and re-run elaboration/synthesis.
Completed Processing XDC Constraints

Netlist sorting complete. Time (s): cpu = 00:00:00 ; elapsed = 00:00:00.001 . Memory (MB): peak = 1015.461 ; gain = 0.000
INFO: [Project 1-111] Unisim Transformation Summary:
No Unisim elements were transformed.

Constraint Validation Runtime : Time (s): cpu = 00:00:00 ; elapsed = 00:00:00.007 . Memory (MB): peak = 1015.461 ; gain = 0.000
---------------------------------------------------------------------------------
Finished Constraint Validation : Time (s): cpu = 00:00:22 ; elapsed = 00:00:22 . Memory (MB): peak = 1015.461 ; gain = 0.000
---------------------------------------------------------------------------------
---------------------------------------------------------------------------------
Start Loading Part and Timing Information
---------------------------------------------------------------------------------
Loading part: xc7a35tcpg236-1
---------------------------------------------------------------------------------
Finished Loading Part and Timing Information : Time (s): cpu = 00:00:22 ; elapsed = 00:00:23 . Memory (MB): peak = 1015.461 ; gain = 0.000
---------------------------------------------------------------------------------
---------------------------------------------------------------------------------
Start Applying 'set_property' XDC Constraints
---------------------------------------------------------------------------------
---------------------------------------------------------------------------------
Finished applying 'set_property' XDC Constraints : Time (s): cpu = 00:00:22 ; elapsed = 00:00:23 . Memory (MB): peak = 1015.461 ; gain = 0.000
---------------------------------------------------------------------------------
INFO: [Synth 8-802] inferred FSM for state register 'state_reg' in module 'debounce'
INFO: [Synth 8-802] inferred FSM for state register 'state_reg' in module 'guess_FSM'
---------------------------------------------------------------------------------------------------
                   State |                     New Encoding |                Previous Encoding 
---------------------------------------------------------------------------------------------------
                    zero |                               00 |                               00
                   wait1 |                               01 |                               01
                     one |                               10 |                               11
                   wait0 |                               11 |                               10
---------------------------------------------------------------------------------------------------
INFO: [Synth 8-3354] encoded FSM with state register 'state_reg' using encoding 'sequential' in module 'debounce'
---------------------------------------------------------------------------------------------------
                   State |                     New Encoding |                Previous Encoding 
---------------------------------------------------------------------------------------------------
                      s0 |                              000 |                              001
                      s1 |                              001 |                              010
                      s2 |                              010 |                              011
                      s3 |                              011 |                              100
                   slose |                              100 |                              110
                    swin |                              101 |                              101
---------------------------------------------------------------------------------------------------
INFO: [Synth 8-3354] encoded FSM with state register 'state_reg' using encoding 'sequential' in module 'guess_FSM'
---------------------------------------------------------------------------------
Finished RTL Optimization Phase 2 : Time (s): cpu = 00:00:22 ; elapsed = 00:00:24 . Memory (MB): peak = 1015.461 ; gain = 0.000
---------------------------------------------------------------------------------
---------------------------------------------------------------------------------
Start RTL Component Statistics 
---------------------------------------------------------------------------------
Detailed RTL Component Info : 
+---Adders : 
	   2 Input   21 Bit       Adders := 4     
+---Registers : 
	               21 Bit    Registers := 4     
+---Muxes : 
	   4 Input   21 Bit        Muxes := 4     
	   3 Input   15 Bit        Muxes := 1     
	   6 Input    4 Bit        Muxes := 1     
	   6 Input    3 Bit        Muxes := 1     
	   2 Input    3 Bit        Muxes := 10    
	   4 Input    2 Bit        Muxes := 4     
	   2 Input    2 Bit        Muxes := 16    
	   2 Input    1 Bit        Muxes := 9     
	   4 Input    1 Bit        Muxes := 8     
	   6 Input    1 Bit        Muxes := 2     
---------------------------------------------------------------------------------
Finished RTL Component Statistics 
---------------------------------------------------------------------------------
---------------------------------------------------------------------------------
Start Part Resource Summary
---------------------------------------------------------------------------------
Part Resources:
DSPs: 90 (col length:60)
BRAMs: 100 (col length: RAMB18 60 RAMB36 30)
---------------------------------------------------------------------------------
Finished Part Resource Summary
---------------------------------------------------------------------------------
---------------------------------------------------------------------------------
Start Cross Boundary and Area Optimization
---------------------------------------------------------------------------------
---------------------------------------------------------------------------------
Finished Cross Boundary and Area Optimization : Time (s): cpu = 00:00:26 ; elapsed = 00:00:28 . Memory (MB): peak = 1015.461 ; gain = 0.000
---------------------------------------------------------------------------------
---------------------------------------------------------------------------------
Start Applying XDC Timing Constraints
---------------------------------------------------------------------------------
---------------------------------------------------------------------------------
Finished Applying XDC Timing Constraints : Time (s): cpu = 00:00:38 ; elapsed = 00:00:40 . Memory (MB): peak = 1015.461 ; gain = 0.000
---------------------------------------------------------------------------------
---------------------------------------------------------------------------------
Start Timing Optimization
---------------------------------------------------------------------------------
---------------------------------------------------------------------------------
Finished Timing Optimization : Time (s): cpu = 00:00:39 ; elapsed = 00:00:40 . Memory (MB): peak = 1015.461 ; gain = 0.000
---------------------------------------------------------------------------------
---------------------------------------------------------------------------------
Start Technology Mapping
---------------------------------------------------------------------------------
---------------------------------------------------------------------------------
Finished Technology Mapping : Time (s): cpu = 00:00:39 ; elapsed = 00:00:41 . Memory (MB): peak = 1015.461 ; gain = 0.000
---------------------------------------------------------------------------------
---------------------------------------------------------------------------------
Start IO Insertion
---------------------------------------------------------------------------------
---------------------------------------------------------------------------------
Start Flattening Before IO Insertion
---------------------------------------------------------------------------------
---------------------------------------------------------------------------------
Finished Flattening Before IO Insertion
---------------------------------------------------------------------------------
---------------------------------------------------------------------------------
Start Final Netlist Cleanup
---------------------------------------------------------------------------------
---------------------------------------------------------------------------------
Finished Final Netlist Cleanup
---------------------------------------------------------------------------------
---------------------------------------------------------------------------------
Finished IO Insertion : Time (s): cpu = 00:00:45 ; elapsed = 00:00:47 . Memory (MB): peak = 1015.461 ; gain = 0.000
---------------------------------------------------------------------------------
---------------------------------------------------------------------------------
Start Renaming Generated Instances
---------------------------------------------------------------------------------
---------------------------------------------------------------------------------
Finished Renaming Generated Instances : Time (s): cpu = 00:00:45 ; elapsed = 00:00:47 . Memory (MB): peak = 1015.461 ; gain = 0.000
---------------------------------------------------------------------------------
---------------------------------------------------------------------------------
Start Rebuilding User Hierarchy
---------------------------------------------------------------------------------
---------------------------------------------------------------------------------
Finished Rebuilding User Hierarchy : Time (s): cpu = 00:00:45 ; elapsed = 00:00:47 . Memory (MB): peak = 1015.461 ; gain = 0.000
---------------------------------------------------------------------------------
---------------------------------------------------------------------------------
Start Renaming Generated Ports
---------------------------------------------------------------------------------
---------------------------------------------------------------------------------
Finished Renaming Generated Ports : Time (s): cpu = 00:00:45 ; elapsed = 00:00:47 . Memory (MB): peak = 1015.461 ; gain = 0.000
---------------------------------------------------------------------------------
---------------------------------------------------------------------------------
Start Handling Custom Attributes
---------------------------------------------------------------------------------
---------------------------------------------------------------------------------
Finished Handling Custom Attributes : Time (s): cpu = 00:00:45 ; elapsed = 00:00:47 . Memory (MB): peak = 1015.461 ; gain = 0.000
---------------------------------------------------------------------------------
---------------------------------------------------------------------------------
Start Renaming Generated Nets
---------------------------------------------------------------------------------
---------------------------------------------------------------------------------
Finished Renaming Generated Nets : Time (s): cpu = 00:00:45 ; elapsed = 00:00:47 . Memory (MB): peak = 1015.461 ; gain = 0.000
---------------------------------------------------------------------------------
---------------------------------------------------------------------------------
Start Writing Synthesis Report
---------------------------------------------------------------------------------

Report BlackBoxes: 
+-+--------------+----------+
| |BlackBox name |Instances |
+-+--------------+----------+
+-+--------------+----------+

Report Cell Usage: 
+------+-------+------+
|      |Cell   |Count |
+------+-------+------+
|1     |BUFG   |     1|
|2     |CARRY4 |    34|
|3     |LUT1   |    82|
|4     |LUT2   |    85|
|5     |LUT3   |     9|
|6     |LUT4   |    23|
|7     |LUT5   |    11|
|8     |LUT6   |    13|
|9     |MUXF7  |     1|
|10    |FDCE   |    64|
|11    |FDPE   |    84|
|12    |IBUF   |     7|
|13    |OBUF   |    28|
+------+-------+------+
---------------------------------------------------------------------------------
Finished Writing Synthesis Report : Time (s): cpu = 00:00:45 ; elapsed = 00:00:47 . Memory (MB): peak = 1015.461 ; gain = 0.000
---------------------------------------------------------------------------------
Synthesis finished with 0 errors, 0 critical warnings and 0 warnings.
Synthesis Optimization Runtime : Time (s): cpu = 00:00:32 ; elapsed = 00:00:43 . Memory (MB): peak = 1015.461 ; gain = 0.000
Synthesis Optimization Complete : Time (s): cpu = 00:00:46 ; elapsed = 00:00:47 . Memory (MB): peak = 1015.461 ; gain = 0.000
INFO: [Project 1-571] Translating synthesized netlist
Netlist sorting complete. Time (s): cpu = 00:00:00 ; elapsed = 00:00:00.007 . Memory (MB): peak = 1015.461 ; gain = 0.000
INFO: [Netlist 29-17] Analyzing 35 Unisim elements for replacement
INFO: [Netlist 29-28] Unisim Transformation completed in 0 CPU seconds
INFO: [Project 1-570] Preparing netlist for logic optimization
INFO: [Opt 31-138] Pushed 0 inverter(s) to 0 load pin(s).
Netlist sorting complete. Time (s): cpu = 00:00:00 ; elapsed = 00:00:00 . Memory (MB): peak = 1015.461 ; gain = 0.000
INFO: [Project 1-111] Unisim Transformation Summary:
No Unisim elements were transformed.

INFO: [Common 17-83] Releasing license: Synthesis
32 Infos, 0 Warnings, 0 Critical Warnings and 0 Errors encountered.
synth_design completed successfully
synth_design: Time (s): cpu = 00:00:55 ; elapsed = 00:01:00 . Memory (MB): peak = 1015.461 ; gain = 0.000
INFO: [Common 17-1381] The checkpoint 'C:/Users/ammic/OneDrive/Documents/GitHub/Lab11/Lab11_project/Lab11_project.runs/synth_1/guessing_game.dcp' has been generated.
INFO: [runtcl-4] Executing : report_utilization -file guessing_game_utilization_synth.rpt -pb guessing_game_utilization_synth.pb
INFO: [Common 17-206] Exiting Vivado at Wed Nov 18 18:12:11 2020...
