#-----------------------------------------------------------
# Vivado v2020.1 (64-bit)
# SW Build 2902540 on Wed May 27 19:54:49 MDT 2020
# IP Build 2902112 on Wed May 27 22:43:36 MDT 2020
# Start of session at: Thu Nov 19 16:35:02 2020
# Process ID: 17036
# Current directory: C:/Users/ammic/OneDrive/Documents/GitHub/Lab11/Lab11_project
# Command line: vivado.exe -gui_launcher_event rodinguilauncherevent21016 C:\Users\ammic\OneDrive\Documents\GitHub\Lab11\Lab11_project\Lab11_project.xpr
# Log file: C:/Users/ammic/OneDrive/Documents/GitHub/Lab11/Lab11_project/vivado.log
# Journal file: C:/Users/ammic/OneDrive/Documents/GitHub/Lab11/Lab11_project\vivado.jou
#-----------------------------------------------------------
start_gui
open_project C:/Users/ammic/OneDrive/Documents/GitHub/Lab11/Lab11_project/Lab11_project.xpr
INFO: [Project 1-313] Project file moved from 'C:/Users/aaron_mendoza1/Documents/GitHub/Lab11/Lab11_project' since last save.
Scanning sources...
Finished scanning sources
WARNING: [filemgmt 56-2] Default IP Output Path : Could not find the directory 'C:/Users/ammic/OneDrive/Documents/GitHub/Lab11/Lab11_project/Lab11_project.srcs/sources_1', nor could it be found using path 'C:/Users/aaron_mendoza1/Documents/GitHub/Lab11/Lab11_project/Lab11_project.srcs/sources_1'.
INFO: [IP_Flow 19-234] Refreshing IP repositories
INFO: [IP_Flow 19-1704] No user IP repositories specified
INFO: [IP_Flow 19-2313] Loaded Vivado IP repository 'C:/Xilinx/Vivado/2020.1/data/ip'.
open_project: Time (s): cpu = 00:00:22 ; elapsed = 00:00:08 . Memory (MB): peak = 1016.070 ; gain = 0.000
update_compile_order -fileset sources_1
reset_run synth_1
launch_runs synth_1 -jobs 4
[Thu Nov 19 16:35:45 2020] Launched synth_1...
Run output will be captured here: C:/Users/ammic/OneDrive/Documents/GitHub/Lab11/Lab11_project/Lab11_project.runs/synth_1/runme.log
launch_runs impl_1 -jobs 4
[Thu Nov 19 16:37:50 2020] Launched impl_1...
Run output will be captured here: C:/Users/ammic/OneDrive/Documents/GitHub/Lab11/Lab11_project/Lab11_project.runs/impl_1/runme.log
launch_runs impl_1 -to_step write_bitstream -jobs 4
[Thu Nov 19 16:41:35 2020] Launched impl_1...
Run output will be captured here: C:/Users/ammic/OneDrive/Documents/GitHub/Lab11/Lab11_project/Lab11_project.runs/impl_1/runme.log
open_hw_manager
connect_hw_server -allow_non_jtag
INFO: [Labtools 27-2285] Connecting to hw_server url TCP:localhost:3121
INFO: [Labtools 27-2222] Launching hw_server...
INFO: [Labtools 27-2221] Launch Output:

****** Xilinx hw_server v2020.1
  **** Build date : May 27 2020 at 20:24:38
    ** Copyright 1986-2020 Xilinx, Inc. All Rights Reserved.


INFO: [Labtools 27-3415] Connecting to cs_server url TCP:localhost:3042
INFO: [Labtools 27-3417] Launching cs_server...
INFO: [Labtools 27-2221] Launch Output:


****** Xilinx cs_server v2020.1.0
  **** Build date : May 13 2020-20:10:29
    ** Copyright 2017-2020 Xilinx, Inc. All Rights Reserved.



connect_hw_server: Time (s): cpu = 00:00:02 ; elapsed = 00:00:18 . Memory (MB): peak = 1016.070 ; gain = 0.000
open_hw_target
INFO: [Labtoolstcl 44-466] Opening hw_target localhost:3121/xilinx_tcf/Digilent/210183A4D952A
open_hw_target: Time (s): cpu = 00:00:09 ; elapsed = 00:00:09 . Memory (MB): peak = 2192.145 ; gain = 1176.074
set_property PROGRAM.FILE {C:/Users/ammic/OneDrive/Documents/GitHub/Lab11/Lab11_project/Lab11_project.runs/impl_1/guessing_game.bit} [get_hw_devices xc7a35t_0]
current_hw_device [get_hw_devices xc7a35t_0]
refresh_hw_device -update_hw_probes false [lindex [get_hw_devices xc7a35t_0] 0]
INFO: [Labtools 27-1434] Device xc7a35t (JTAG device index = 0) is programmed with a design that has no supported debug core(s) in it.
set_property PROBES.FILE {} [get_hw_devices xc7a35t_0]
set_property FULL_PROBES.FILE {} [get_hw_devices xc7a35t_0]
set_property PROGRAM.FILE {C:/Users/ammic/OneDrive/Documents/GitHub/Lab11/Lab11_project/Lab11_project.runs/impl_1/guessing_game.bit} [get_hw_devices xc7a35t_0]
program_hw_devices [get_hw_devices xc7a35t_0]
INFO: [Labtools 27-3164] End of startup status: HIGH
refresh_hw_device [lindex [get_hw_devices xc7a35t_0] 0]
INFO: [Labtools 27-1434] Device xc7a35t (JTAG device index = 0) is programmed with a design that has no supported debug core(s) in it.
exit
INFO: [Common 17-206] Exiting Vivado at Thu Nov 19 16:53:47 2020...
